<?xml version="1.0" encoding="UTF-8"?>
<beans xmlns="http://www.springframework.org/schema/beans"
	xmlns:xsi="http://www.w3.org/2001/XMLSchema-instance"
	xsi:schemaLocation="http://www.springframework.org/schema/beans http://www.springframework.org/schema/beans/spring-beans-3.0.xsd" >

    <!-- Creates an in-memory database populated with test jdbc -->
    <bean id="dataSource" class="org.mitre.jdbc.datasource.H2DataSourceFactory">
        <property name="databaseName" value="pushee"/>
        <property name="scriptLocations" >
            <list>
                <value>file:src/main/db/tables/feed.sql</value>
                <value>file:src/main/db/tables/publisher.sql</value>
                <value>file:src/main/db/tables/subscriber.sql</value>
                <value>classpath:test-data.sql</value>
            </list>
        </property>
        <property name="dateConversionPatterns">
            <map>
                <entry key="yyyy/mm/dd hh24:mi:ss" value="yyy/MM/dd HH:mm:ss" />
                <entry key="yyyy-mm-dd" value="yyyy-MM-dd" />
            </map>
        </property>
    </bean>
</beans>
